1617262399159	mozrunner::runner	INFO	Running command: "/usr/bin/firefox" "-marionette" "-foreground" "-no-remote" "-profile" "/tmp/rust_mozprofileewf70e"
console.warn: SearchSettings: "get: No settings file exists, new profile?" (new Error("", "(unknown module)"))
1617262401829	Marionette	INFO	Listening on port 41341
1617262401881	Marionette	WARN	TLS certificate errors will be ignored for this session
1617262435989	Marionette	INFO	Stopped listening on port 41341
1617262500658	mozrunner::runner	INFO	Running command: "/usr/bin/firefox" "-marionette" "-foreground" "-no-remote" "-profile" "/tmp/rust_mozprofilenDg0vz"
console.warn: SearchSettings: "get: No settings file exists, new profile?" (new Error("", "(unknown module)"))
1617262502642	Marionette	INFO	Listening on port 44391
1617262502678	Marionette	WARN	TLS certificate errors will be ignored for this session
1617262513146	Marionette	INFO	Stopped listening on port 44391
1617262529534	mozrunner::runner	INFO	Running command: "/usr/bin/firefox" "-marionette" "-foreground" "-no-remote" "-profile" "/tmp/rust_mozprofileAwtYn1"
console.warn: SearchSettings: "get: No settings file exists, new profile?" (new Error("", "(unknown module)"))
1617262531632	Marionette	INFO	Listening on port 46175
1617262531662	Marionette	WARN	TLS certificate errors will be ignored for this session
1617262549686	Marionette	INFO	Stopped listening on port 46175
1617262556143	mozrunner::runner	INFO	Running command: "/usr/bin/firefox" "-marionette" "-foreground" "-no-remote" "-profile" "/tmp/rust_mozprofile5RyU8P"
console.warn: SearchSettings: "get: No settings file exists, new profile?" (new Error("", "(unknown module)"))
1617262558223	Marionette	INFO	Listening on port 41267
1617262558263	Marionette	WARN	TLS certificate errors will be ignored for this session
1617262573164	Marionette	INFO	Stopped listening on port 41267
1617263338164	mozrunner::runner	INFO	Running command: "/usr/bin/firefox" "-marionette" "-foreground" "-no-remote" "-profile" "/tmp/rust_mozprofile0IHQQI"
console.warn: SearchSettings: "get: No settings file exists, new profile?" (new Error("", "(unknown module)"))
1617263340220	Marionette	INFO	Listening on port 33131
1617263340283	Marionette	WARN	TLS certificate errors will be ignored for this session
1617263361079	Marionette	INFO	Stopped listening on port 33131
1617263459941	mozrunner::runner	INFO	Running command: "/usr/bin/firefox" "-marionette" "-foreground" "-no-remote" "-profile" "/tmp/rust_mozprofile7uHzPg"
console.warn: SearchSettings: "get: No settings file exists, new profile?" (new Error("", "(unknown module)"))
1617263461980	Marionette	INFO	Listening on port 41573
1617263462061	Marionette	WARN	TLS certificate errors will be ignored for this session
1617263466500	mozrunner::runner	INFO	Running command: "/usr/bin/firefox" "-marionette" "-foreground" "-no-remote" "-profile" "/tmp/rust_mozprofileULhByI"
console.warn: SearchSettings: "get: No settings file exists, new profile?" (new Error("", "(unknown module)"))
1617263468445	Marionette	INFO	Listening on port 40707
1617263468520	Marionette	WARN	TLS certificate errors will be ignored for this session
1617263475927	Marionette	INFO	Stopped listening on port 40707
1617263476949	Marionette	INFO	Stopped listening on port 41573
1617263559791	mozrunner::runner	INFO	Running command: "/usr/bin/firefox" "-marionette" "-foreground" "-no-remote" "-profile" "/tmp/rust_mozprofile6vUtMh"
console.warn: SearchSettings: "get: No settings file exists, new profile?" (new Error("", "(unknown module)"))
1617263561807	Marionette	INFO	Listening on port 32769
1617263561911	Marionette	WARN	TLS certificate errors will be ignored for this session
1617263598447	mozrunner::runner	INFO	Running command: "/usr/bin/firefox" "-marionette" "-foreground" "-no-remote" "-profile" "/tmp/rust_mozprofile1I7sRm"
console.warn: SearchSettings: "get: No settings file exists, new profile?" (new Error("", "(unknown module)"))
1617263600441	Marionette	INFO	Listening on port 37209
1617263600466	Marionette	WARN	TLS certificate errors will be ignored for this session
1617263662649	mozrunner::runner	INFO	Running command: "/usr/bin/firefox" "-marionette" "-foreground" "-no-remote" "-profile" "/tmp/rust_mozprofileBNwAPI"
console.warn: SearchSettings: "get: No settings file exists, new profile?" (new Error("", "(unknown module)"))
1617263664715	Marionette	INFO	Listening on port 39845
1617263664767	Marionette	WARN	TLS certificate errors will be ignored for this session
1617263676937	Marionette	INFO	Stopped listening on port 39845
1617263694036	Marionette	INFO	Stopped listening on port 32769
1617263695497	Marionette	INFO	Stopped listening on port 37209
1617263894965	mozrunner::runner	INFO	Running command: "/usr/bin/firefox" "-marionette" "-foreground" "-no-remote" "-profile" "/tmp/rust_mozprofile0IPGKl"
console.warn: SearchSettings: "get: No settings file exists, new profile?" (new Error("", "(unknown module)"))
1617263896931	Marionette	INFO	Listening on port 36347
1617263896985	Marionette	WARN	TLS certificate errors will be ignored for this session
1617263930251	mozrunner::runner	INFO	Running command: "/usr/bin/firefox" "-marionette" "-foreground" "-no-remote" "-profile" "/tmp/rust_mozprofile0FDQCq"
console.warn: SearchSettings: "get: No settings file exists, new profile?" (new Error("", "(unknown module)"))
1617263932289	Marionette	INFO	Listening on port 38057
1617263932372	Marionette	WARN	TLS certificate errors will be ignored for this session
1617263937358	Marionette	INFO	Stopped listening on port 38057
1617263979000	mozrunner::runner	INFO	Running command: "/usr/bin/firefox" "-marionette" "-foreground" "-no-remote" "-profile" "/tmp/rust_mozprofile543Ezz"
console.warn: SearchSettings: "get: No settings file exists, new profile?" (new Error("", "(unknown module)"))
1617263981050	Marionette	INFO	Listening on port 37721
1617263981118	Marionette	WARN	TLS certificate errors will be ignored for this session
1617263982492	Marionette	INFO	Stopped listening on port 37721
1617264006345	mozrunner::runner	INFO	Running command: "/usr/bin/firefox" "-marionette" "-foreground" "-no-remote" "-profile" "/tmp/rust_mozprofileemjJ8t"
console.warn: SearchSettings: "get: No settings file exists, new profile?" (new Error("", "(unknown module)"))
1617264008314	Marionette	INFO	Listening on port 46189
1617264008363	Marionette	WARN	TLS certificate errors will be ignored for this session
1617264009697	Marionette	INFO	Stopped listening on port 46189
1617264057801	mozrunner::runner	INFO	Running command: "/usr/bin/firefox" "-marionette" "-foreground" "-no-remote" "-profile" "/tmp/rust_mozprofileRkDvo3"
console.warn: SearchSettings: "get: No settings file exists, new profile?" (new Error("", "(unknown module)"))
1617264059814	Marionette	INFO	Listening on port 39881
1617264059919	Marionette	WARN	TLS certificate errors will be ignored for this session
1617264067255	Marionette	INFO	Stopped listening on port 39881
1617264094094	mozrunner::runner	INFO	Running command: "/usr/bin/firefox" "-marionette" "-foreground" "-no-remote" "-profile" "/tmp/rust_mozprofile1BIf3W"
console.warn: SearchSettings: "get: No settings file exists, new profile?" (new Error("", "(unknown module)"))
1617264096096	Marionette	INFO	Listening on port 34033
1617264096116	Marionette	WARN	TLS certificate errors will be ignored for this session
1617264100697	Marionette	INFO	Stopped listening on port 34033
1617264119406	mozrunner::runner	INFO	Running command: "/usr/bin/firefox" "-marionette" "-foreground" "-no-remote" "-profile" "/tmp/rust_mozprofiled73pPR"
console.warn: SearchSettings: "get: No settings file exists, new profile?" (new Error("", "(unknown module)"))
1617264121448	Marionette	INFO	Listening on port 40309
1617264121527	Marionette	WARN	TLS certificate errors will be ignored for this session
1617264126991	Marionette	INFO	Stopped listening on port 40309
1617264147358	mozrunner::runner	INFO	Running command: "/usr/bin/firefox" "-marionette" "-foreground" "-no-remote" "-profile" "/tmp/rust_mozprofilelO0TIa"
console.warn: SearchSettings: "get: No settings file exists, new profile?" (new Error("", "(unknown module)"))
1617264149374	Marionette	INFO	Listening on port 43173
1617264149477	Marionette	WARN	TLS certificate errors will be ignored for this session
1617264156912	Marionette	INFO	Stopped listening on port 43173
1617264166975	mozrunner::runner	INFO	Running command: "/usr/bin/firefox" "-marionette" "-foreground" "-no-remote" "-profile" "/tmp/rust_mozprofiler4BmTc"
console.warn: SearchSettings: "get: No settings file exists, new profile?" (new Error("", "(unknown module)"))
1617264168994	Marionette	INFO	Listening on port 34983
1617264169093	Marionette	WARN	TLS certificate errors will be ignored for this session
1617264173545	Marionette	INFO	Stopped listening on port 34983
1617264202991	Marionette	INFO	Stopped listening on port 36347
1617264281942	mozrunner::runner	INFO	Running command: "/usr/bin/firefox" "-marionette" "-foreground" "-no-remote" "-profile" "/tmp/rust_mozprofilejQxnyx"
console.warn: SearchSettings: "get: No settings file exists, new profile?" (new Error("", "(unknown module)"))
1617264283985	Marionette	INFO	Listening on port 34529
1617264284059	Marionette	WARN	TLS certificate errors will be ignored for this session
1617264328044	Marionette	INFO	Stopped listening on port 34529
1617264362515	mozrunner::runner	INFO	Running command: "/usr/bin/firefox" "-marionette" "-foreground" "-no-remote" "-profile" "/tmp/rust_mozprofilenydxra"
console.warn: SearchSettings: "get: No settings file exists, new profile?" (new Error("", "(unknown module)"))
1617264364582	Marionette	INFO	Listening on port 42059
1617264364637	Marionette	WARN	TLS certificate errors will be ignored for this session
1617264439208	Marionette	INFO	Stopped listening on port 42059
1617264556178	mozrunner::runner	INFO	Running command: "/usr/bin/firefox" "-marionette" "-foreground" "-no-remote" "-profile" "/tmp/rust_mozprofileiVw5nu"
console.warn: SearchSettings: "get: No settings file exists, new profile?" (new Error("", "(unknown module)"))
1617264558279	Marionette	INFO	Listening on port 45151
1617264558300	Marionette	WARN	TLS certificate errors will be ignored for this session
1617264633707	Marionette	INFO	Stopped listening on port 45151
1617265304278	mozrunner::runner	INFO	Running command: "/usr/bin/firefox" "-marionette" "-foreground" "-no-remote" "-profile" "/tmp/rust_mozprofileapkAOQ"
console.warn: SearchSettings: "get: No settings file exists, new profile?" (new Error("", "(unknown module)"))
1617265306702	Marionette	INFO	Listening on port 40333
1617265306799	Marionette	WARN	TLS certificate errors will be ignored for this session
1617265383644	Marionette	INFO	Stopped listening on port 40333
1617265391364	mozrunner::runner	INFO	Running command: "/usr/bin/firefox" "-marionette" "-foreground" "-no-remote" "-profile" "/tmp/rust_mozprofileWzAbeF"
console.warn: SearchSettings: "get: No settings file exists, new profile?" (new Error("", "(unknown module)"))
1617265393730	Marionette	INFO	Listening on port 39129
1617265393788	Marionette	WARN	TLS certificate errors will be ignored for this session
1617265471190	Marionette	INFO	Stopped listening on port 39129
1617265603611	mozrunner::runner	INFO	Running command: "/usr/bin/firefox" "-marionette" "-foreground" "-no-remote" "-profile" "/tmp/rust_mozprofile8luD4x"
console.warn: SearchSettings: "get: No settings file exists, new profile?" (new Error("", "(unknown module)"))
1617265605707	Marionette	INFO	Listening on port 36299
1617265605734	Marionette	WARN	TLS certificate errors will be ignored for this session
1617265683410	Marionette	INFO	Stopped listening on port 36299

###!!! [Parent][RunMessage] Error: Channel closing: too late to send/recv, messages will be lost

1617266374473	mozrunner::runner	INFO	Running command: "/usr/bin/firefox" "-marionette" "-foreground" "-no-remote" "-profile" "/tmp/rust_mozprofilesmodIb"
console.warn: SearchSettings: "get: No settings file exists, new profile?" (new Error("", "(unknown module)"))
1617266376613	Marionette	INFO	Listening on port 46845
1617266376694	Marionette	WARN	TLS certificate errors will be ignored for this session
1617266430248	Marionette	INFO	Stopped listening on port 46845
1617266592328	mozrunner::runner	INFO	Running command: "/usr/bin/firefox" "-marionette" "-foreground" "-no-remote" "-profile" "/tmp/rust_mozprofileQFxm7F"
console.warn: SearchSettings: "get: No settings file exists, new profile?" (new Error("", "(unknown module)"))
1617266594441	Marionette	INFO	Listening on port 39637
1617266594546	Marionette	WARN	TLS certificate errors will be ignored for this session
1617266650605	Marionette	INFO	Stopped listening on port 39637
1617266733197	mozrunner::runner	INFO	Running command: "/usr/bin/firefox" "-marionette" "-foreground" "-no-remote" "-profile" "/tmp/rust_mozprofile9zhjDL"
console.warn: SearchSettings: "get: No settings file exists, new profile?" (new Error("", "(unknown module)"))
1617266735487	Marionette	INFO	Listening on port 45957
1617266735516	Marionette	WARN	TLS certificate errors will be ignored for this session
1617266801063	Marionette	INFO	Stopped listening on port 45957
1617266830189	mozrunner::runner	INFO	Running command: "/usr/bin/firefox" "-marionette" "-foreground" "-no-remote" "-profile" "/tmp/rust_mozprofileA9FP4T"
console.warn: SearchSettings: "get: No settings file exists, new profile?" (new Error("", "(unknown module)"))
1617266832244	Marionette	INFO	Listening on port 37817
1617266832316	Marionette	WARN	TLS certificate errors will be ignored for this session
1617266899814	Marionette	INFO	Stopped listening on port 37817
1617269853695	mozrunner::runner	INFO	Running command: "/usr/bin/firefox" "-marionette" "-foreground" "-no-remote" "-profile" "/tmp/rust_mozprofile8zJRkh"
console.warn: SearchSettings: "get: No settings file exists, new profile?" (new Error("", "(unknown module)"))
1617269855923	Marionette	INFO	Listening on port 44273
1617269856016	Marionette	WARN	TLS certificate errors will be ignored for this session
1617269909511	Marionette	INFO	Stopped listening on port 44273
1617270093175	mozrunner::runner	INFO	Running command: "/usr/bin/firefox" "-marionette" "-foreground" "-no-remote" "-profile" "/tmp/rust_mozprofile5K12Zj"
console.warn: SearchSettings: "get: No settings file exists, new profile?" (new Error("", "(unknown module)"))
1617270095199	Marionette	INFO	Listening on port 39033
1617270095297	Marionette	WARN	TLS certificate errors will be ignored for this session
1617270144998	Marionette	INFO	Stopped listening on port 39033
1617270501144	mozrunner::runner	INFO	Running command: "/usr/bin/firefox" "-marionette" "-foreground" "-no-remote" "-profile" "/tmp/rust_mozprofilemWbR5j"
console.warn: SearchSettings: "get: No settings file exists, new profile?" (new Error("", "(unknown module)"))
1617270503231	Marionette	INFO	Listening on port 35557
1617270503267	Marionette	WARN	TLS certificate errors will be ignored for this session
1617270552028	Marionette	INFO	Stopped listening on port 35557
1617270655133	mozrunner::runner	INFO	Running command: "/usr/bin/firefox" "-marionette" "-foreground" "-no-remote" "-profile" "/tmp/rust_mozprofileS843Vk"
console.warn: SearchSettings: "get: No settings file exists, new profile?" (new Error("", "(unknown module)"))
1617270657197	Marionette	INFO	Listening on port 34833
1617270657251	Marionette	WARN	TLS certificate errors will be ignored for this session
1617270700504	Marionette	INFO	Stopped listening on port 34833
1617270730816	mozrunner::runner	INFO	Running command: "/usr/bin/firefox" "-marionette" "-foreground" "-no-remote" "-profile" "/tmp/rust_mozprofile6SpXAP"
console.warn: SearchSettings: "get: No settings file exists, new profile?" (new Error("", "(unknown module)"))
1617270733081	Marionette	INFO	Listening on port 35533
1617270733142	Marionette	WARN	TLS certificate errors will be ignored for this session
1617270788576	Marionette	INFO	Stopped listening on port 35533
1617270816237	mozrunner::runner	INFO	Running command: "/usr/bin/firefox" "-marionette" "-foreground" "-no-remote" "-profile" "/tmp/rust_mozprofileBRxN0h"
console.warn: SearchSettings: "get: No settings file exists, new profile?" (new Error("", "(unknown module)"))
1617270818372	Marionette	INFO	Listening on port 46765
1617270818457	Marionette	WARN	TLS certificate errors will be ignored for this session
1617270869025	Marionette	INFO	Stopped listening on port 46765
1617271040630	mozrunner::runner	INFO	Running command: "/usr/bin/firefox" "-marionette" "-foreground" "-no-remote" "-profile" "/tmp/rust_mozprofile08pTC0"
console.warn: SearchSettings: "get: No settings file exists, new profile?" (new Error("", "(unknown module)"))
1617271042632	Marionette	INFO	Listening on port 35409
1617271042653	Marionette	WARN	TLS certificate errors will be ignored for this session
1617271095014	Marionette	INFO	Stopped listening on port 35409
1617271215679	mozrunner::runner	INFO	Running command: "/usr/bin/firefox" "-marionette" "-foreground" "-no-remote" "-profile" "/tmp/rust_mozprofilefzewdn"
console.warn: SearchSettings: "get: No settings file exists, new profile?" (new Error("", "(unknown module)"))
1617271217779	Marionette	INFO	Listening on port 42781
1617271217799	Marionette	WARN	TLS certificate errors will be ignored for this session
1617271279617	Marionette	INFO	Stopped listening on port 42781
1617271903594	mozrunner::runner	INFO	Running command: "/usr/bin/firefox" "-marionette" "-foreground" "-no-remote" "-profile" "/tmp/rust_mozprofilesN3bow"
console.warn: SearchSettings: "get: No settings file exists, new profile?" (new Error("", "(unknown module)"))
1617271905759	Marionette	INFO	Listening on port 40179
1617271905814	Marionette	WARN	TLS certificate errors will be ignored for this session
1617271950916	Marionette	INFO	Stopped listening on port 40179
1617272972652	mozrunner::runner	INFO	Running command: "/usr/bin/firefox" "-marionette" "-foreground" "-no-remote" "-profile" "/tmp/rust_mozprofileMfs2v4"
console.warn: SearchSettings: "get: No settings file exists, new profile?" (new Error("", "(unknown module)"))
1617272974755	Marionette	INFO	Listening on port 32807
1617272974782	Marionette	WARN	TLS certificate errors will be ignored for this session
1617273032040	Marionette	INFO	Stopped listening on port 32807
1617273123832	mozrunner::runner	INFO	Running command: "/usr/bin/firefox" "-marionette" "-foreground" "-no-remote" "-profile" "/tmp/rust_mozprofileSk17mb"
console.warn: SearchSettings: "get: No settings file exists, new profile?" (new Error("", "(unknown module)"))
1617273125786	Marionette	INFO	Listening on port 38709
1617273125856	Marionette	WARN	TLS certificate errors will be ignored for this session
1617273208108	Marionette	INFO	Stopped listening on port 38709
1617273661539	mozrunner::runner	INFO	Running command: "/usr/bin/firefox" "-marionette" "-foreground" "-no-remote" "-profile" "/tmp/rust_mozprofileGAxOlP"
console.warn: SearchSettings: "get: No settings file exists, new profile?" (new Error("", "(unknown module)"))
1617273663618	Marionette	INFO	Listening on port 41131
1617273663660	Marionette	WARN	TLS certificate errors will be ignored for this session
1617273738313	Marionette	INFO	Stopped listening on port 41131
1617366262733	mozrunner::runner	INFO	Running command: "/usr/bin/firefox" "-marionette" "-foreground" "-no-remote" "-profile" "/tmp/rust_mozprofileO7bk9J"
console.warn: SearchSettings: "get: No settings file exists, new profile?" (new Error("", "(unknown module)"))
1617366265119	Marionette	INFO	Listening on port 38151
1617366265178	Marionette	WARN	TLS certificate errors will be ignored for this session
1617366335433	Marionette	INFO	Stopped listening on port 38151
1617878751090	mozrunner::runner	INFO	Running command: "/usr/bin/firefox" "-marionette" "-foreground" "-no-remote" "-profile" "/tmp/rust_mozprofile2nJsrR"
console.warn: SearchSettings: "get: No settings file exists, new profile?" (new Error("", "(unknown module)"))
1617878753501	Marionette	INFO	Listening on port 40073
1617878753625	Marionette	WARN	TLS certificate errors will be ignored for this session
1617878763368	Marionette	INFO	Stopped listening on port 40073
1617878891899	mozrunner::runner	INFO	Running command: "/usr/bin/firefox" "-marionette" "-foreground" "-no-remote" "-profile" "/tmp/rust_mozprofile167zfk"
console.warn: SearchSettings: "get: No settings file exists, new profile?" (new Error("", "(unknown module)"))
1617878894017	Marionette	INFO	Listening on port 41561
1617878894121	Marionette	WARN	TLS certificate errors will be ignored for this session
1617878933000	Marionette	INFO	Stopped listening on port 41561
1617878936603	mozrunner::runner	INFO	Running command: "/usr/bin/firefox" "-marionette" "-foreground" "-no-remote" "-profile" "/tmp/rust_mozprofileHjRan4"
console.warn: SearchSettings: "get: No settings file exists, new profile?" (new Error("", "(unknown module)"))
1617878938736	Marionette	INFO	Listening on port 41667
1617878938832	Marionette	WARN	TLS certificate errors will be ignored for this session
1617879015410	Marionette	INFO	Stopped listening on port 41667
1617880685828	mozrunner::runner	INFO	Running command: "/usr/bin/firefox" "-marionette" "-foreground" "-no-remote" "-profile" "/tmp/rust_mozprofilenGu0ck"
console.warn: SearchSettings: "get: No settings file exists, new profile?" (new Error("", "(unknown module)"))
1617880687950	Marionette	INFO	Listening on port 36497
1617880688050	Marionette	WARN	TLS certificate errors will be ignored for this session
1617880758998	Marionette	INFO	Stopped listening on port 36497
1617880827718	mozrunner::runner	INFO	Running command: "/usr/bin/firefox" "-marionette" "-foreground" "-no-remote" "-profile" "/tmp/rust_mozprofile4bktzA"
console.warn: SearchSettings: "get: No settings file exists, new profile?" (new Error("", "(unknown module)"))
1617880829808	Marionette	INFO	Listening on port 40967
1617880829840	Marionette	WARN	TLS certificate errors will be ignored for this session
1617880907378	Marionette	INFO	Stopped listening on port 40967
1617880922631	mozrunner::runner	INFO	Running command: "/usr/bin/firefox" "-marionette" "-foreground" "-no-remote" "-profile" "/tmp/rust_mozprofileTtb2ct"
console.warn: SearchSettings: "get: No settings file exists, new profile?" (new Error("", "(unknown module)"))
1617880924607	Marionette	INFO	Listening on port 42395
1617880924654	Marionette	WARN	TLS certificate errors will be ignored for this session
1617880991866	Marionette	INFO	Stopped listening on port 42395
1617880996514	mozrunner::runner	INFO	Running command: "/usr/bin/firefox" "-marionette" "-foreground" "-no-remote" "-profile" "/tmp/rust_mozprofilefAuc8h"
console.warn: SearchSettings: "get: No settings file exists, new profile?" (new Error("", "(unknown module)"))
1617880998532	Marionette	INFO	Listening on port 36579
1617880998640	Marionette	WARN	TLS certificate errors will be ignored for this session
1617881067116	Marionette	INFO	Stopped listening on port 36579
1617881072790	mozrunner::runner	INFO	Running command: "/usr/bin/firefox" "-marionette" "-foreground" "-no-remote" "-profile" "/tmp/rust_mozprofilev1OM24"
console.warn: SearchSettings: "get: No settings file exists, new profile?" (new Error("", "(unknown module)"))
1617881075044	Marionette	INFO	Listening on port 38083
1617881075110	Marionette	WARN	TLS certificate errors will be ignored for this session
1617881147266	Marionette	INFO	Stopped listening on port 38083
1617881151476	mozrunner::runner	INFO	Running command: "/usr/bin/firefox" "-marionette" "-foreground" "-no-remote" "-profile" "/tmp/rust_mozprofileBw7RCS"
console.warn: SearchSettings: "get: No settings file exists, new profile?" (new Error("", "(unknown module)"))
1617881153677	Marionette	INFO	Listening on port 38863
1617881153700	Marionette	WARN	TLS certificate errors will be ignored for this session
1617881220310	Marionette	INFO	Stopped listening on port 38863
1617881225995	mozrunner::runner	INFO	Running command: "/usr/bin/firefox" "-marionette" "-foreground" "-no-remote" "-profile" "/tmp/rust_mozprofileo5QJX0"
console.warn: SearchSettings: "get: No settings file exists, new profile?" (new Error("", "(unknown module)"))
1617881228155	Marionette	INFO	Listening on port 43929
1617881228214	Marionette	WARN	TLS certificate errors will be ignored for this session
1617881297370	Marionette	INFO	Stopped listening on port 43929
1617881486870	mozrunner::runner	INFO	Running command: "/usr/bin/firefox" "-marionette" "-foreground" "-no-remote" "-profile" "/tmp/rust_mozprofileQ4Oqzr"
console.warn: SearchSettings: "get: No settings file exists, new profile?" (new Error("", "(unknown module)"))
1617881488949	Marionette	INFO	Listening on port 45257
1617881488989	Marionette	WARN	TLS certificate errors will be ignored for this session
1617881559547	Marionette	INFO	Stopped listening on port 45257
1617882108929	mozrunner::runner	INFO	Running command: "/usr/bin/firefox" "-marionette" "-foreground" "-no-remote" "-profile" "/tmp/rust_mozprofilezHSowz"
console.warn: SearchSettings: "get: No settings file exists, new profile?" (new Error("", "(unknown module)"))
1617882111041	Marionette	INFO	Listening on port 34859
1617882111152	Marionette	WARN	TLS certificate errors will be ignored for this session
1617882182800	Marionette	INFO	Stopped listening on port 34859
1617882284815	mozrunner::runner	INFO	Running command: "/usr/bin/firefox" "-marionette" "-foreground" "-no-remote" "-profile" "/tmp/rust_mozprofileKarP4s"
console.warn: SearchSettings: "get: No settings file exists, new profile?" (new Error("", "(unknown module)"))
1617882286972	Marionette	INFO	Listening on port 35325
1617882287044	Marionette	WARN	TLS certificate errors will be ignored for this session
1617882353959	Marionette	INFO	Stopped listening on port 35325
1617882567911	mozrunner::runner	INFO	Running command: "/usr/bin/firefox" "-marionette" "-foreground" "-no-remote" "-profile" "/tmp/rust_mozprofileTK6hOx"
console.warn: SearchSettings: "get: No settings file exists, new profile?" (new Error("", "(unknown module)"))
1617882570021	Marionette	INFO	Listening on port 36939
1617882570132	Marionette	WARN	TLS certificate errors will be ignored for this session
1617882642751	Marionette	INFO	Stopped listening on port 36939
1617882799373	mozrunner::runner	INFO	Running command: "/usr/bin/firefox" "-marionette" "-foreground" "-no-remote" "-profile" "/tmp/rust_mozprofileEHCWMN"
console.warn: SearchSettings: "get: No settings file exists, new profile?" (new Error("", "(unknown module)"))
1617882801497	Marionette	INFO	Listening on port 43997
1617882801592	Marionette	WARN	TLS certificate errors will be ignored for this session
1617882818009	Marionette	INFO	Stopped listening on port 43997
1617882839083	mozrunner::runner	INFO	Running command: "/usr/bin/firefox" "-marionette" "-foreground" "-no-remote" "-profile" "/tmp/rust_mozprofile6It3rm"
console.warn: SearchSettings: "get: No settings file exists, new profile?" (new Error("", "(unknown module)"))
1617882841205	Marionette	INFO	Listening on port 43971
1617882841307	Marionette	WARN	TLS certificate errors will be ignored for this session
1617882853033	Marionette	INFO	Stopped listening on port 43971
1617883032497	mozrunner::runner	INFO	Running command: "/usr/bin/firefox" "-marionette" "-foreground" "-no-remote" "-profile" "/tmp/rust_mozprofile48Jfjy"
console.warn: SearchSettings: "get: No settings file exists, new profile?" (new Error("", "(unknown module)"))
1617883035093	Marionette	INFO	Listening on port 42571
1617883035128	Marionette	WARN	TLS certificate errors will be ignored for this session
1617883047683	Marionette	INFO	Stopped listening on port 42571
1617886427888	mozrunner::runner	INFO	Running command: "/usr/bin/firefox" "-marionette" "-foreground" "-no-remote" "-profile" "/tmp/rust_mozprofilef82rFu"
console.warn: SearchSettings: "get: No settings file exists, new profile?" (new Error("", "(unknown module)"))
1617886429934	Marionette	INFO	Listening on port 45743
1617886430007	Marionette	WARN	TLS certificate errors will be ignored for this session
1617886504209	Marionette	INFO	Stopped listening on port 45743
1617886508210	mozrunner::runner	INFO	Running command: "/usr/bin/firefox" "-marionette" "-foreground" "-no-remote" "-profile" "/tmp/rust_mozprofilecc1BsA"
console.warn: SearchSettings: "get: No settings file exists, new profile?" (new Error("", "(unknown module)"))
1617886510562	Marionette	INFO	Listening on port 36901
1617886510636	Marionette	WARN	TLS certificate errors will be ignored for this session
1617886585275	Marionette	INFO	Stopped listening on port 36901
1617886592791	mozrunner::runner	INFO	Running command: "/usr/bin/firefox" "-marionette" "-foreground" "-no-remote" "-profile" "/tmp/rust_mozprofileXSs4SC"
console.warn: SearchSettings: "get: No settings file exists, new profile?" (new Error("", "(unknown module)"))
1617886594991	Marionette	INFO	Listening on port 38847
1617886595014	Marionette	WARN	TLS certificate errors will be ignored for this session
1617886618715	Marionette	INFO	Stopped listening on port 38847
1617886623481	mozrunner::runner	INFO	Running command: "/usr/bin/firefox" "-marionette" "-foreground" "-no-remote" "-profile" "/tmp/rust_mozprofileHjK7bN"
console.warn: SearchSettings: "get: No settings file exists, new profile?" (new Error("", "(unknown module)"))
1617886625546	Marionette	INFO	Listening on port 44905
1617886625609	Marionette	WARN	TLS certificate errors will be ignored for this session
1617886641440	Marionette	INFO	Stopped listening on port 44905
1617886709524	mozrunner::runner	INFO	Running command: "/usr/bin/firefox" "-marionette" "-foreground" "-no-remote" "-profile" "/tmp/rust_mozprofileRHknzy"
console.warn: SearchSettings: "get: No settings file exists, new profile?" (new Error("", "(unknown module)"))
1617886711419	Marionette	INFO	Listening on port 40995
1617886711456	Marionette	WARN	TLS certificate errors will be ignored for this session
1617886718030	Marionette	INFO	Stopped listening on port 40995
1617886734910	mozrunner::runner	INFO	Running command: "/usr/bin/firefox" "-marionette" "-foreground" "-no-remote" "-profile" "/tmp/rust_mozprofileGU1oZp"
console.warn: SearchSettings: "get: No settings file exists, new profile?" (new Error("", "(unknown module)"))
1617886737182	Marionette	INFO	Listening on port 33515
1617886737233	Marionette	WARN	TLS certificate errors will be ignored for this session
1617886772161	Marionette	INFO	Stopped listening on port 33515
1617886815066	mozrunner::runner	INFO	Running command: "/usr/bin/firefox" "-marionette" "-foreground" "-no-remote" "-profile" "/tmp/rust_mozprofilefKYgKd"
console.warn: SearchSettings: "get: No settings file exists, new profile?" (new Error("", "(unknown module)"))
1617886817009	Marionette	INFO	Listening on port 40005
1617886817088	Marionette	WARN	TLS certificate errors will be ignored for this session
1617886842866	Marionette	INFO	Stopped listening on port 40005
1617886847155	mozrunner::runner	INFO	Running command: "/usr/bin/firefox" "-marionette" "-foreground" "-no-remote" "-profile" "/tmp/rust_mozprofileEukg2U"
console.warn: SearchSettings: "get: No settings file exists, new profile?" (new Error("", "(unknown module)"))
1617886849217	Marionette	INFO	Listening on port 44565
1617886849277	Marionette	WARN	TLS certificate errors will be ignored for this session
1617886914465	Marionette	INFO	Stopped listening on port 44565
1617965963554	mozrunner::runner	INFO	Running command: "/usr/bin/firefox" "-marionette" "-foreground" "-no-remote" "-profile" "/tmp/rust_mozprofileOjqLzw"
console.warn: SearchSettings: "get: No settings file exists, new profile?" (new Error("", "(unknown module)"))
1617965966113	Marionette	INFO	Listening on port 38127
1617965966175	Marionette	WARN	TLS certificate errors will be ignored for this session
1617965974865	Marionette	INFO	Stopped listening on port 38127
1617966019332	mozrunner::runner	INFO	Running command: "/usr/bin/firefox" "-marionette" "-foreground" "-no-remote" "-profile" "/tmp/rust_mozprofilezvt4j3"
console.warn: SearchSettings: "get: No settings file exists, new profile?" (new Error("", "(unknown module)"))
1617966021455	Marionette	INFO	Listening on port 45903
1617966021551	Marionette	WARN	TLS certificate errors will be ignored for this session
1617966092968	Marionette	INFO	Stopped listening on port 45903
1617966111935	mozrunner::runner	INFO	Running command: "/usr/bin/firefox" "-marionette" "-foreground" "-no-remote" "-profile" "/tmp/rust_mozprofileA1Kr40"
console.warn: SearchSettings: "get: No settings file exists, new profile?" (new Error("", "(unknown module)"))
1617966114190	Marionette	INFO	Listening on port 43219
1617966114254	Marionette	WARN	TLS certificate errors will be ignored for this session
1617966184795	Marionette	INFO	Stopped listening on port 43219
1617966214438	mozrunner::runner	INFO	Running command: "/usr/bin/firefox" "-marionette" "-foreground" "-no-remote" "-profile" "/tmp/rust_mozprofileeoeODE"
console.warn: SearchSettings: "get: No settings file exists, new profile?" (new Error("", "(unknown module)"))
1617966217055	Marionette	INFO	Listening on port 42637
1617966217162	Marionette	WARN	TLS certificate errors will be ignored for this session
1617966296100	Marionette	INFO	Stopped listening on port 42637
